[2017-06-28 23:49:02] local.ERROR: exception 'Aws\DynamoDb\Exception\DynamoDbException' with message 'Error executing "Scan" on "https://dynamodb.us-east-1.amazonaws.com"; AWS HTTP error: cURL error 6: Could not resolve host: dynamodb.us-east-1.amazonaws.com (see http://curl.haxx.se/libcurl/c/libcurl-errors.html)'

GuzzleHttp\Exception\ConnectException: cURL error 6: Could not resolve host: dynamodb.us-east-1.amazonaws.com (see http://curl.haxx.se/libcurl/c/libcurl-errors.html) in /Users/timothyregulski/projects/laravel-dynamo-auth/vendor/guzzlehttp/guzzle/src/Handler/CurlFactory.php:186
Stack trace:
#0 /Users/timothyregulski/projects/laravel-dynamo-auth/vendor/guzzlehttp/guzzle/src/Handler/CurlFactory.php(150): GuzzleHttp\Handler\CurlFactory::createRejection(Object(GuzzleHttp\Handler\EasyHandle), Array)
#1 /Users/timothyregulski/projects/laravel-dynamo-auth/vendor/guzzlehttp/guzzle/src/Handler/CurlFactory.php(103): GuzzleHttp\Handler\CurlFactory::finishError(Object(GuzzleHttp\Handler\CurlMultiHandler), Object(GuzzleHttp\Handler\EasyHandle), Object(GuzzleHttp\Handler\CurlFactory))
#2 /Users/timothyregulski/projects/laravel-dynamo-auth/vendor/guzzlehttp/guzzle/src/Handler/CurlMultiHandler.php(179): GuzzleHttp\Handler\CurlFactory::finish(Object(GuzzleHttp\Handler\CurlMultiHandler), Object(GuzzleHttp\Handler\EasyHandle), Object(GuzzleHttp\Handler\CurlFactory))
#3 /Users/timothyregulski/projects/laravel-dynamo-auth/vendor/guzzlehttp/guzzle/src/Handler/CurlMultiHandler.php(108): GuzzleHttp\Handler\CurlMultiHandler->processMessages()
#4 /Users/timothyregulski/projects/laravel-dynamo-auth/vendor/guzzlehttp/guzzle/src/Handler/CurlMultiHandler.php(123): GuzzleHttp\Handler\CurlMultiHandler->tick()
#5 /Users/timothyregulski/projects/laravel-dynamo-auth/vendor/guzzlehttp/promises/src/Promise.php(246): GuzzleHttp\Handler\CurlMultiHandler->execute(true)
#6 /Users/timothyregulski/projects/laravel-dynamo-auth/vendor/guzzlehttp/promises/src/Promise.php(223): GuzzleHttp\Promise\Promise->invokeWaitFn()
#7 /Users/timothyregulski/projects/laravel-dynamo-auth/vendor/guzzlehttp/promises/src/Promise.php(267): GuzzleHttp\Promise\Promise->waitIfPending()
#8 /Users/timothyregulski/projects/laravel-dynamo-auth/vendor/guzzlehttp/promises/src/Promise.php(225): GuzzleHttp\Promise\Promise->invokeWaitList()
#9 /Users/timothyregulski/projects/laravel-dynamo-auth/vendor/guzzlehttp/promises/src/Promise.php(267): GuzzleHttp\Promise\Promise->waitIfPending()
#10 /Users/timothyregulski/projects/laravel-dynamo-auth/vendor/guzzlehttp/promises/src/Promise.php(225): GuzzleHttp\Promise\Promise->invokeWaitList()
#11 /Users/timothyregulski/projects/laravel-dynamo-auth/vendor/guzzlehttp/promises/src/Promise.php(62): GuzzleHttp\Promise\Promise->waitIfPending()
#12 /Users/timothyregulski/projects/laravel-dynamo-auth/vendor/aws/aws-sdk-php/src/AwsClientTrait.php(59): GuzzleHttp\Promise\Promise->wait()
#13 /Users/timothyregulski/projects/laravel-dynamo-auth/vendor/aws/aws-sdk-php/src/ResultPaginator.php(127): Aws\AwsClient->execute(Object(Aws\Command))
#14 /Users/timothyregulski/projects/laravel-dynamo-auth/vendor/aws/aws-sdk-php/src/functions.php(51): Aws\ResultPaginator->valid()
#15 /Users/timothyregulski/projects/laravel-dynamo-auth/vendor/aws/aws-sdk-php/src/functions.php(68): Aws\map(Object(Aws\ResultPaginator), Object(Closure))
#16 /Users/timothyregulski/projects/laravel-dynamo-auth/vendor/baopham/dynamodb/src/DynamoDbQueryBuilder.php(285): Aws\flatmap(Object(Aws\ResultPaginator), Object(Closure))
#17 /Users/timothyregulski/projects/laravel-dynamo-auth/vendor/baopham/dynamodb/src/DynamoDbQueryBuilder.php(159): BaoPham\DynamoDb\DynamoDbQueryBuilder->getAll(Array, 1)
#18 /Users/timothyregulski/projects/laravel-dynamo-auth/app/Providers/DynamoDbProvider.php(43): BaoPham\DynamoDb\DynamoDbQueryBuilder->first()
#19 /Users/timothyregulski/projects/laravel-dynamo-auth/vendor/laravel/framework/src/Illuminate/Auth/SessionGuard.php(352): App\Providers\DynamoDbProvider->retrieveByCredentials(Array)
#20 /Users/timothyregulski/projects/laravel-dynamo-auth/vendor/laravel/framework/src/Illuminate/Foundation/Auth/AuthenticatesUsers.php(76): Illuminate\Auth\SessionGuard->attempt(Array, false)
#21 /Users/timothyregulski/projects/laravel-dynamo-auth/vendor/laravel/framework/src/Illuminate/Foundation/Auth/AuthenticatesUsers.php(41): App\Http\Controllers\Auth\LoginController->attemptLogin(Object(Illuminate\Http\Request))
#22 [internal function]: App\Http\Controllers\Auth\LoginController->login(Object(Illuminate\Http\Request))
#23 /Users/timothyregulski/projects/laravel-dynamo-auth/vendor/laravel/framework/src/Illuminate/Routing/Controller.php(55): call_user_func_array(Array, Array)
#24 /Users/timothyregulski/projects/laravel-dynamo-auth/vendor/laravel/framework/src/Illuminate/Routing/ControllerDispatcher.php(44): Illuminate\Routing\Controller->callAction('login', Array)
#25 /Users/timothyregulski/projects/laravel-dynamo-auth/vendor/laravel/framework/src/Illuminate/Routing/Route.php(203): Illuminate\Routing\ControllerDispatcher->dispatch(Object(Illuminate\Routing\Route), Object(App\Http\Controllers\Auth\LoginController), 'login')
#26 /Users/timothyregulski/projects/laravel-dynamo-auth/vendor/laravel/framework/src/Illuminate/Routing/Route.php(160): Illuminate\Routing\Route->runController()
#27 /Users/timothyregulski/projects/laravel-dynamo-auth/vendor/laravel/framework/src/Illuminate/Routing/Router.php(574): Illuminate\Routing\Route->run()
#28 /Users/timothyregulski/projects/laravel-dynamo-auth/vendor/laravel/framework/src/Illuminate/Routing/Pipeline.php(30): Illuminate\Routing\Router->Illuminate\Routing\{closure}(Object(Illuminate\Http\Request))
#29 /Users/timothyregulski/projects/laravel-dynamo-auth/app/Http/Middleware/RedirectIfAuthenticated.php(24): Illuminate\Routing\Pipeline->Illuminate\Routing\{closure}(Object(Illuminate\Http\Request))
#30 /Users/timothyregulski/projects/laravel-dynamo-auth/vendor/laravel/framework/src/Illuminate/Pipeline/Pipeline.php(148): App\Http\Middleware\RedirectIfAuthenticated->handle(Object(Illuminate\Http\Request), Object(Closure))
#31 /Users/timothyregulski/projects/laravel-dynamo-auth/vendor/laravel/framework/src/Illuminate/Routing/Pipeline.php(53): Illuminate\Pipeline\Pipeline->Illuminate\Pipeline\{closure}(Object(Illuminate\Http\Request))
#32 /Users/timothyregulski/projects/laravel-dynamo-auth/vendor/laravel/framework/src/Illuminate/Routing/Middleware/SubstituteBindings.php(41): Illuminate\Routing\Pipeline->Illuminate\Routing\{closure}(Object(Illuminate\Http\Request))
#33 /Users/timothyregulski/projects/laravel-dynamo-auth/vendor/laravel/framework/src/Illuminate/Pipeline/Pipeline.php(148): Illuminate\Routing\Middleware\SubstituteBindings->handle(Object(Illuminate\Http\Request), Object(Closure))
#34 /Users/timothyregulski/projects/laravel-dynamo-auth/vendor/laravel/framework/src/Illuminate/Routing/Pipeline.php(53): Illuminate\Pipeline\Pipeline->Illuminate\Pipeline\{closure}(Object(Illuminate\Http\Request))
#35 /Users/timothyregulski/projects/laravel-dynamo-auth/vendor/laravel/framework/src/Illuminate/Foundation/Http/Middleware/VerifyCsrfToken.php(65): Illuminate\Routing\Pipeline->Illuminate\Routing\{closure}(Object(Illuminate\Http\Request))
#36 /Users/timothyregulski/projects/laravel-dynamo-auth/vendor/laravel/framework/src/Illuminate/Pipeline/Pipeline.php(148): Illuminate\Foundation\Http\Middleware\VerifyCsrfToken->handle(Object(Illuminate\Http\Request), Object(Closure))
#37 /Users/timothyregulski/projects/laravel-dynamo-auth/vendor/laravel/framework/src/Illuminate/Routing/Pipeline.php(53): Illuminate\Pipeline\Pipeline->Illuminate\Pipeline\{closure}(Object(Illuminate\Http\Request))
#38 /Users/timothyregulski/projects/laravel-dynamo-auth/vendor/laravel/framework/src/Illuminate/View/Middleware/ShareErrorsFromSession.php(49): Illuminate\Routing\Pipeline->Illuminate\Routing\{closure}(Object(Illuminate\Http\Request))
#39 /Users/timothyregulski/projects/laravel-dynamo-auth/vendor/laravel/framework/src/Illuminate/Pipeline/Pipeline.php(148): Illuminate\View\Middleware\ShareErrorsFromSession->handle(Object(Illuminate\Http\Request), Object(Closure))
#40 /Users/timothyregulski/projects/laravel-dynamo-auth/vendor/laravel/framework/src/Illuminate/Routing/Pipeline.php(53): Illuminate\Pipeline\Pipeline->Illuminate\Pipeline\{closure}(Object(Illuminate\Http\Request))
#41 /Users/timothyregulski/projects/laravel-dynamo-auth/vendor/laravel/framework/src/Illuminate/Session/Middleware/StartSession.php(64): Illuminate\Routing\Pipeline->Illuminate\Routing\{closure}(Object(Illuminate\Http\Request))
#42 /Users/timothyregulski/projects/laravel-dynamo-auth/vendor/laravel/framework/src/Illuminate/Pipeline/Pipeline.php(148): Illuminate\Session\Middleware\StartSession->handle(Object(Illuminate\Http\Request), Object(Closure))
#43 /Users/timothyregulski/projects/laravel-dynamo-auth/vendor/laravel/framework/src/Illuminate/Routing/Pipeline.php(53): Illuminate\Pipeline\Pipeline->Illuminate\Pipeline\{closure}(Object(Illuminate\Http\Request))
#44 /Users/timothyregulski/projects/laravel-dynamo-auth/vendor/laravel/framework/src/Illuminate/Cookie/Middleware/AddQueuedCookiesToResponse.php(37): Illuminate\Routing\Pipeline->Illuminate\Routing\{closure}(Object(Illuminate\Http\Request))
#45 /Users/timothyregulski/projects/laravel-dynamo-auth/vendor/laravel/framework/src/Illuminate/Pipeline/Pipeline.php(148): Illuminate\Cookie\Middleware\AddQueuedCookiesToResponse->handle(Object(Illuminate\Http\Request), Object(Closure))
#46 /Users/timothyregulski/projects/laravel-dynamo-auth/vendor/laravel/framework/src/Illuminate/Routing/Pipeline.php(53): Illuminate\Pipeline\Pipeline->Illuminate\Pipeline\{closure}(Object(Illuminate\Http\Request))
#47 /Users/timothyregulski/projects/laravel-dynamo-auth/vendor/laravel/framework/src/Illuminate/Cookie/Middleware/EncryptCookies.php(59): Illuminate\Routing\Pipeline->Illuminate\Routing\{closure}(Object(Illuminate\Http\Request))
#48 /Users/timothyregulski/projects/laravel-dynamo-auth/vendor/laravel/framework/src/Illuminate/Pipeline/Pipeline.php(148): Illuminate\Cookie\Middleware\EncryptCookies->handle(Object(Illuminate\Http\Request), Object(Closure))
#49 /Users/timothyregulski/projects/laravel-dynamo-auth/vendor/laravel/framework/src/Illuminate/Routing/Pipeline.php(53): Illuminate\Pipeline\Pipeline->Illuminate\Pipeline\{closure}(Object(Illuminate\Http\Request))
#50 /Users/timothyregulski/projects/laravel-dynamo-auth/vendor/laravel/framework/src/Illuminate/Pipeline/Pipeline.php(102): Illuminate\Routing\Pipeline->Illuminate\Routing\{closure}(Object(Illuminate\Http\Request))
#51 /Users/timothyregulski/projects/laravel-dynamo-auth/vendor/laravel/framework/src/Illuminate/Routing/Router.php(576): Illuminate\Pipeline\Pipeline->then(Object(Closure))
#52 /Users/timothyregulski/projects/laravel-dynamo-auth/vendor/laravel/framework/src/Illuminate/Routing/Router.php(535): Illuminate\Routing\Router->runRouteWithinStack(Object(Illuminate\Routing\Route), Object(Illuminate\Http\Request))
#53 /Users/timothyregulski/projects/laravel-dynamo-auth/vendor/laravel/framework/src/Illuminate/Routing/Router.php(513): Illuminate\Routing\Router->dispatchToRoute(Object(Illuminate\Http\Request))
#54 /Users/timothyregulski/projects/laravel-dynamo-auth/vendor/laravel/framework/src/Illuminate/Foundation/Http/Kernel.php(174): Illuminate\Routing\Router->dispatch(Object(Illuminate\Http\Request))
#55 /Users/timothyregulski/projects/laravel-dynamo-auth/vendor/laravel/framework/src/Illuminate/Routing/Pipeline.php(30): Illuminate\Foundation\Http\Kernel->Illuminate\Foundation\Http\{closure}(Object(Illuminate\Http\Request))
#56 /Users/timothyregulski/projects/laravel-dynamo-auth/vendor/laravel/framework/src/Illuminate/Foundation/Http/Middleware/TransformsRequest.php(30): Illuminate\Routing\Pipeline->Illuminate\Routing\{closure}(Object(Illuminate\Http\Request))
#57 /Users/timothyregulski/projects/laravel-dynamo-auth/vendor/laravel/framework/src/Illuminate/Pipeline/Pipeline.php(148): Illuminate\Foundation\Http\Middleware\TransformsRequest->handle(Object(Illuminate\Http\Request), Object(Closure))
#58 /Users/timothyregulski/projects/laravel-dynamo-auth/vendor/laravel/framework/src/Illuminate/Routing/Pipeline.php(53): Illuminate\Pipeline\Pipeline->Illuminate\Pipeline\{closure}(Object(Illuminate\Http\Request))
#59 /Users/timothyregulski/projects/laravel-dynamo-auth/vendor/laravel/framework/src/Illuminate/Foundation/Http/Middleware/TransformsRequest.php(30): Illuminate\Routing\Pipeline->Illuminate\Routing\{closure}(Object(Illuminate\Http\Request))
#60 /Users/timothyregulski/projects/laravel-dynamo-auth/vendor/laravel/framework/src/Illuminate/Pipeline/Pipeline.php(148): Illuminate\Foundation\Http\Middleware\TransformsRequest->handle(Object(Illuminate\Http\Request), Object(Closure))
#61 /Users/timothyregulski/projects/laravel-dynamo-auth/vendor/laravel/framework/src/Illuminate/Routing/Pipeline.php(53): Illuminate\Pipeline\Pipeline->Illuminate\Pipeline\{closure}(Object(Illuminate\Http\Request))
#62 /Users/timothyregulski/projects/laravel-dynamo-auth/vendor/laravel/framework/src/Illuminate/Foundation/Http/Middleware/ValidatePostSize.php(27): Illuminate\Routing\Pipeline->Illuminate\Routing\{closure}(Object(Illuminate\Http\Request))
#63 /Users/timothyregulski/projects/laravel-dynamo-auth/vendor/laravel/framework/src/Illuminate/Pipeline/Pipeline.php(148): Illuminate\Foundation\Http\Middleware\ValidatePostSize->handle(Object(Illuminate\Http\Request), Object(Closure))
#64 /Users/timothyregulski/projects/laravel-dynamo-auth/vendor/laravel/framework/src/Illuminate/Routing/Pipeline.php(53): Illuminate\Pipeline\Pipeline->Illuminate\Pipeline\{closure}(Object(Illuminate\Http\Request))
#65 /Users/timothyregulski/projects/laravel-dynamo-auth/vendor/laravel/framework/src/Illuminate/Foundation/Http/Middleware/CheckForMaintenanceMode.php(46): Illuminate\Routing\Pipeline->Illuminate\Routing\{closure}(Object(Illuminate\Http\Request))
#66 /Users/timothyregulski/projects/laravel-dynamo-auth/vendor/laravel/framework/src/Illuminate/Pipeline/Pipeline.php(148): Illuminate\Foundation\Http\Middleware\CheckForMaintenanceMode->handle(Object(Illuminate\Http\Request), Object(Closure))
#67 /Users/timothyregulski/projects/laravel-dynamo-auth/vendor/laravel/framework/src/Illuminate/Routing/Pipeline.php(53): Illuminate\Pipeline\Pipeline->Illuminate\Pipeline\{closure}(Object(Illuminate\Http\Request))
#68 /Users/timothyregulski/projects/laravel-dynamo-auth/vendor/laravel/framework/src/Illuminate/Pipeline/Pipeline.php(102): Illuminate\Routing\Pipeline->Illuminate\Routing\{closure}(Object(Illuminate\Http\Request))
#69 /Users/timothyregulski/projects/laravel-dynamo-auth/vendor/laravel/framework/src/Illuminate/Foundation/Http/Kernel.php(149): Illuminate\Pipeline\Pipeline->then(Object(Closure))
#70 /Users/timothyregulski/projects/laravel-dynamo-auth/vendor/laravel/framework/src/Illuminate/Foundation/Http/Kernel.php(116): Illuminate\Foundation\Http\Kernel->sendRequestThroughRouter(Object(Illuminate\Http\Request))
#71 /Users/timothyregulski/projects/laravel-dynamo-auth/public/index.php(53): Illuminate\Foundation\Http\Kernel->handle(Object(Illuminate\Http\Request))
#72 /Users/timothyregulski/projects/laravel-dynamo-auth/server.php(21): require_once('/Users/timothyr...')
#73 {main}

Next Aws\DynamoDb\Exception\DynamoDbException: Error executing "Scan" on "https://dynamodb.us-east-1.amazonaws.com"; AWS HTTP error: cURL error 6: Could not resolve host: dynamodb.us-east-1.amazonaws.com (see http://curl.haxx.se/libcurl/c/libcurl-errors.html) in /Users/timothyregulski/projects/laravel-dynamo-auth/vendor/aws/aws-sdk-php/src/WrappedHttpHandler.php:192
Stack trace:
#0 /Users/timothyregulski/projects/laravel-dynamo-auth/vendor/aws/aws-sdk-php/src/WrappedHttpHandler.php(101): Aws\WrappedHttpHandler->parseError(Array, Object(GuzzleHttp\Psr7\Request), Object(Aws\Command), Array)
#1 /Users/timothyregulski/projects/laravel-dynamo-auth/vendor/guzzlehttp/promises/src/Promise.php(203): Aws\WrappedHttpHandler->Aws\{closure}(Array)
#2 /Users/timothyregulski/projects/laravel-dynamo-auth/vendor/guzzlehttp/promises/src/Promise.php(174): GuzzleHttp\Promise\Promise::callHandler(2, Array, Array)
#3 /Users/timothyregulski/projects/laravel-dynamo-auth/vendor/guzzlehttp/promises/src/RejectedPromise.php(40): GuzzleHttp\Promise\Promise::GuzzleHttp\Promise\{closure}(Array)
#4 /Users/timothyregulski/projects/laravel-dynamo-auth/vendor/guzzlehttp/promises/src/TaskQueue.php(47): GuzzleHttp\Promise\RejectedPromise::GuzzleHttp\Promise\{closure}()
#5 /Users/timothyregulski/projects/laravel-dynamo-auth/vendor/guzzlehttp/guzzle/src/Handler/CurlMultiHandler.php(96): GuzzleHttp\Promise\TaskQueue->run()
#6 /Users/timothyregulski/projects/laravel-dynamo-auth/vendor/guzzlehttp/guzzle/src/Handler/CurlMultiHandler.php(123): GuzzleHttp\Handler\CurlMultiHandler->tick()
#7 /Users/timothyregulski/projects/laravel-dynamo-auth/vendor/guzzlehttp/promises/src/Promise.php(246): GuzzleHttp\Handler\CurlMultiHandler->execute(true)
#8 /Users/timothyregulski/projects/laravel-dynamo-auth/vendor/guzzlehttp/promises/src/Promise.php(223): GuzzleHttp\Promise\Promise->invokeWaitFn()
#9 /Users/timothyregulski/projects/laravel-dynamo-auth/vendor/guzzlehttp/promises/src/Promise.php(267): GuzzleHttp\Promise\Promise->waitIfPending()
#10 /Users/timothyregulski/projects/laravel-dynamo-auth/vendor/guzzlehttp/promises/src/Promise.php(225): GuzzleHttp\Promise\Promise->invokeWaitList()
#11 /Users/timothyregulski/projects/laravel-dynamo-auth/vendor/guzzlehttp/promises/src/Promise.php(267): GuzzleHttp\Promise\Promise->waitIfPending()
#12 /Users/timothyregulski/projects/laravel-dynamo-auth/vendor/guzzlehttp/promises/src/Promise.php(225): GuzzleHttp\Promise\Promise->invokeWaitList()
#13 /Users/timothyregulski/projects/laravel-dynamo-auth/vendor/guzzlehttp/promises/src/Promise.php(62): GuzzleHttp\Promise\Promise->waitIfPending()
#14 /Users/timothyregulski/projects/laravel-dynamo-auth/vendor/aws/aws-sdk-php/src/AwsClientTrait.php(59): GuzzleHttp\Promise\Promise->wait()
#15 /Users/timothyregulski/projects/laravel-dynamo-auth/vendor/aws/aws-sdk-php/src/ResultPaginator.php(127): Aws\AwsClient->execute(Object(Aws\Command))
#16 /Users/timothyregulski/projects/laravel-dynamo-auth/vendor/aws/aws-sdk-php/src/functions.php(51): Aws\ResultPaginator->valid()
#17 /Users/timothyregulski/projects/laravel-dynamo-auth/vendor/aws/aws-sdk-php/src/functions.php(68): Aws\map(Object(Aws\ResultPaginator), Object(Closure))
#18 /Users/timothyregulski/projects/laravel-dynamo-auth/vendor/baopham/dynamodb/src/DynamoDbQueryBuilder.php(285): Aws\flatmap(Object(Aws\ResultPaginator), Object(Closure))
#19 /Users/timothyregulski/projects/laravel-dynamo-auth/vendor/baopham/dynamodb/src/DynamoDbQueryBuilder.php(159): BaoPham\DynamoDb\DynamoDbQueryBuilder->getAll(Array, 1)
#20 /Users/timothyregulski/projects/laravel-dynamo-auth/app/Providers/DynamoDbProvider.php(43): BaoPham\DynamoDb\DynamoDbQueryBuilder->first()
#21 /Users/timothyregulski/projects/laravel-dynamo-auth/vendor/laravel/framework/src/Illuminate/Auth/SessionGuard.php(352): App\Providers\DynamoDbProvider->retrieveByCredentials(Array)
#22 /Users/timothyregulski/projects/laravel-dynamo-auth/vendor/laravel/framework/src/Illuminate/Foundation/Auth/AuthenticatesUsers.php(76): Illuminate\Auth\SessionGuard->attempt(Array, false)
#23 /Users/timothyregulski/projects/laravel-dynamo-auth/vendor/laravel/framework/src/Illuminate/Foundation/Auth/AuthenticatesUsers.php(41): App\Http\Controllers\Auth\LoginController->attemptLogin(Object(Illuminate\Http\Request))
#24 [internal function]: App\Http\Controllers\Auth\LoginController->login(Object(Illuminate\Http\Request))
#25 /Users/timothyregulski/projects/laravel-dynamo-auth/vendor/laravel/framework/src/Illuminate/Routing/Controller.php(55): call_user_func_array(Array, Array)
#26 /Users/timothyregulski/projects/laravel-dynamo-auth/vendor/laravel/framework/src/Illuminate/Routing/ControllerDispatcher.php(44): Illuminate\Routing\Controller->callAction('login', Array)
#27 /Users/timothyregulski/projects/laravel-dynamo-auth/vendor/laravel/framework/src/Illuminate/Routing/Route.php(203): Illuminate\Routing\ControllerDispatcher->dispatch(Object(Illuminate\Routing\Route), Object(App\Http\Controllers\Auth\LoginController), 'login')
#28 /Users/timothyregulski/projects/laravel-dynamo-auth/vendor/laravel/framework/src/Illuminate/Routing/Route.php(160): Illuminate\Routing\Route->runController()
#29 /Users/timothyregulski/projects/laravel-dynamo-auth/vendor/laravel/framework/src/Illuminate/Routing/Router.php(574): Illuminate\Routing\Route->run()
#30 /Users/timothyregulski/projects/laravel-dynamo-auth/vendor/laravel/framework/src/Illuminate/Routing/Pipeline.php(30): Illuminate\Routing\Router->Illuminate\Routing\{closure}(Object(Illuminate\Http\Request))
#31 /Users/timothyregulski/projects/laravel-dynamo-auth/app/Http/Middleware/RedirectIfAuthenticated.php(24): Illuminate\Routing\Pipeline->Illuminate\Routing\{closure}(Object(Illuminate\Http\Request))
#32 /Users/timothyregulski/projects/laravel-dynamo-auth/vendor/laravel/framework/src/Illuminate/Pipeline/Pipeline.php(148): App\Http\Middleware\RedirectIfAuthenticated->handle(Object(Illuminate\Http\Request), Object(Closure))
#33 /Users/timothyregulski/projects/laravel-dynamo-auth/vendor/laravel/framework/src/Illuminate/Routing/Pipeline.php(53): Illuminate\Pipeline\Pipeline->Illuminate\Pipeline\{closure}(Object(Illuminate\Http\Request))
#34 /Users/timothyregulski/projects/laravel-dynamo-auth/vendor/laravel/framework/src/Illuminate/Routing/Middleware/SubstituteBindings.php(41): Illuminate\Routing\Pipeline->Illuminate\Routing\{closure}(Object(Illuminate\Http\Request))
#35 /Users/timothyregulski/projects/laravel-dynamo-auth/vendor/laravel/framework/src/Illuminate/Pipeline/Pipeline.php(148): Illuminate\Routing\Middleware\SubstituteBindings->handle(Object(Illuminate\Http\Request), Object(Closure))
#36 /Users/timothyregulski/projects/laravel-dynamo-auth/vendor/laravel/framework/src/Illuminate/Routing/Pipeline.php(53): Illuminate\Pipeline\Pipeline->Illuminate\Pipeline\{closure}(Object(Illuminate\Http\Request))
#37 /Users/timothyregulski/projects/laravel-dynamo-auth/vendor/laravel/framework/src/Illuminate/Foundation/Http/Middleware/VerifyCsrfToken.php(65): Illuminate\Routing\Pipeline->Illuminate\Routing\{closure}(Object(Illuminate\Http\Request))
#38 /Users/timothyregulski/projects/laravel-dynamo-auth/vendor/laravel/framework/src/Illuminate/Pipeline/Pipeline.php(148): Illuminate\Foundation\Http\Middleware\VerifyCsrfToken->handle(Object(Illuminate\Http\Request), Object(Closure))
#39 /Users/timothyregulski/projects/laravel-dynamo-auth/vendor/laravel/framework/src/Illuminate/Routing/Pipeline.php(53): Illuminate\Pipeline\Pipeline->Illuminate\Pipeline\{closure}(Object(Illuminate\Http\Request))
#40 /Users/timothyregulski/projects/laravel-dynamo-auth/vendor/laravel/framework/src/Illuminate/View/Middleware/ShareErrorsFromSession.php(49): Illuminate\Routing\Pipeline->Illuminate\Routing\{closure}(Object(Illuminate\Http\Request))
#41 /Users/timothyregulski/projects/laravel-dynamo-auth/vendor/laravel/framework/src/Illuminate/Pipeline/Pipeline.php(148): Illuminate\View\Middleware\ShareErrorsFromSession->handle(Object(Illuminate\Http\Request), Object(Closure))
#42 /Users/timothyregulski/projects/laravel-dynamo-auth/vendor/laravel/framework/src/Illuminate/Routing/Pipeline.php(53): Illuminate\Pipeline\Pipeline->Illuminate\Pipeline\{closure}(Object(Illuminate\Http\Request))
#43 /Users/timothyregulski/projects/laravel-dynamo-auth/vendor/laravel/framework/src/Illuminate/Session/Middleware/StartSession.php(64): Illuminate\Routing\Pipeline->Illuminate\Routing\{closure}(Object(Illuminate\Http\Request))
#44 /Users/timothyregulski/projects/laravel-dynamo-auth/vendor/laravel/framework/src/Illuminate/Pipeline/Pipeline.php(148): Illuminate\Session\Middleware\StartSession->handle(Object(Illuminate\Http\Request), Object(Closure))
#45 /Users/timothyregulski/projects/laravel-dynamo-auth/vendor/laravel/framework/src/Illuminate/Routing/Pipeline.php(53): Illuminate\Pipeline\Pipeline->Illuminate\Pipeline\{closure}(Object(Illuminate\Http\Request))
#46 /Users/timothyregulski/projects/laravel-dynamo-auth/vendor/laravel/framework/src/Illuminate/Cookie/Middleware/AddQueuedCookiesToResponse.php(37): Illuminate\Routing\Pipeline->Illuminate\Routing\{closure}(Object(Illuminate\Http\Request))
#47 /Users/timothyregulski/projects/laravel-dynamo-auth/vendor/laravel/framework/src/Illuminate/Pipeline/Pipeline.php(148): Illuminate\Cookie\Middleware\AddQueuedCookiesToResponse->handle(Object(Illuminate\Http\Request), Object(Closure))
#48 /Users/timothyregulski/projects/laravel-dynamo-auth/vendor/laravel/framework/src/Illuminate/Routing/Pipeline.php(53): Illuminate\Pipeline\Pipeline->Illuminate\Pipeline\{closure}(Object(Illuminate\Http\Request))
#49 /Users/timothyregulski/projects/laravel-dynamo-auth/vendor/laravel/framework/src/Illuminate/Cookie/Middleware/EncryptCookies.php(59): Illuminate\Routing\Pipeline->Illuminate\Routing\{closure}(Object(Illuminate\Http\Request))
#50 /Users/timothyregulski/projects/laravel-dynamo-auth/vendor/laravel/framework/src/Illuminate/Pipeline/Pipeline.php(148): Illuminate\Cookie\Middleware\EncryptCookies->handle(Object(Illuminate\Http\Request), Object(Closure))
#51 /Users/timothyregulski/projects/laravel-dynamo-auth/vendor/laravel/framework/src/Illuminate/Routing/Pipeline.php(53): Illuminate\Pipeline\Pipeline->Illuminate\Pipeline\{closure}(Object(Illuminate\Http\Request))
#52 /Users/timothyregulski/projects/laravel-dynamo-auth/vendor/laravel/framework/src/Illuminate/Pipeline/Pipeline.php(102): Illuminate\Routing\Pipeline->Illuminate\Routing\{closure}(Object(Illuminate\Http\Request))
#53 /Users/timothyregulski/projects/laravel-dynamo-auth/vendor/laravel/framework/src/Illuminate/Routing/Router.php(576): Illuminate\Pipeline\Pipeline->then(Object(Closure))
#54 /Users/timothyregulski/projects/laravel-dynamo-auth/vendor/laravel/framework/src/Illuminate/Routing/Router.php(535): Illuminate\Routing\Router->runRouteWithinStack(Object(Illuminate\Routing\Route), Object(Illuminate\Http\Request))
#55 /Users/timothyregulski/projects/laravel-dynamo-auth/vendor/laravel/framework/src/Illuminate/Routing/Router.php(513): Illuminate\Routing\Router->dispatchToRoute(Object(Illuminate\Http\Request))
#56 /Users/timothyregulski/projects/laravel-dynamo-auth/vendor/laravel/framework/src/Illuminate/Foundation/Http/Kernel.php(174): Illuminate\Routing\Router->dispatch(Object(Illuminate\Http\Request))
#57 /Users/timothyregulski/projects/laravel-dynamo-auth/vendor/laravel/framework/src/Illuminate/Routing/Pipeline.php(30): Illuminate\Foundation\Http\Kernel->Illuminate\Foundation\Http\{closure}(Object(Illuminate\Http\Request))
#58 /Users/timothyregulski/projects/laravel-dynamo-auth/vendor/laravel/framework/src/Illuminate/Foundation/Http/Middleware/TransformsRequest.php(30): Illuminate\Routing\Pipeline->Illuminate\Routing\{closure}(Object(Illuminate\Http\Request))
#59 /Users/timothyregulski/projects/laravel-dynamo-auth/vendor/laravel/framework/src/Illuminate/Pipeline/Pipeline.php(148): Illuminate\Foundation\Http\Middleware\TransformsRequest->handle(Object(Illuminate\Http\Request), Object(Closure))
#60 /Users/timothyregulski/projects/laravel-dynamo-auth/vendor/laravel/framework/src/Illuminate/Routing/Pipeline.php(53): Illuminate\Pipeline\Pipeline->Illuminate\Pipeline\{closure}(Object(Illuminate\Http\Request))
#61 /Users/timothyregulski/projects/laravel-dynamo-auth/vendor/laravel/framework/src/Illuminate/Foundation/Http/Middleware/TransformsRequest.php(30): Illuminate\Routing\Pipeline->Illuminate\Routing\{closure}(Object(Illuminate\Http\Request))
#62 /Users/timothyregulski/projects/laravel-dynamo-auth/vendor/laravel/framework/src/Illuminate/Pipeline/Pipeline.php(148): Illuminate\Foundation\Http\Middleware\TransformsRequest->handle(Object(Illuminate\Http\Request), Object(Closure))
#63 /Users/timothyregulski/projects/laravel-dynamo-auth/vendor/laravel/framework/src/Illuminate/Routing/Pipeline.php(53): Illuminate\Pipeline\Pipeline->Illuminate\Pipeline\{closure}(Object(Illuminate\Http\Request))
#64 /Users/timothyregulski/projects/laravel-dynamo-auth/vendor/laravel/framework/src/Illuminate/Foundation/Http/Middleware/ValidatePostSize.php(27): Illuminate\Routing\Pipeline->Illuminate\Routing\{closure}(Object(Illuminate\Http\Request))
#65 /Users/timothyregulski/projects/laravel-dynamo-auth/vendor/laravel/framework/src/Illuminate/Pipeline/Pipeline.php(148): Illuminate\Foundation\Http\Middleware\ValidatePostSize->handle(Object(Illuminate\Http\Request), Object(Closure))
#66 /Users/timothyregulski/projects/laravel-dynamo-auth/vendor/laravel/framework/src/Illuminate/Routing/Pipeline.php(53): Illuminate\Pipeline\Pipeline->Illuminate\Pipeline\{closure}(Object(Illuminate\Http\Request))
#67 /Users/timothyregulski/projects/laravel-dynamo-auth/vendor/laravel/framework/src/Illuminate/Foundation/Http/Middleware/CheckForMaintenanceMode.php(46): Illuminate\Routing\Pipeline->Illuminate\Routing\{closure}(Object(Illuminate\Http\Request))
#68 /Users/timothyregulski/projects/laravel-dynamo-auth/vendor/laravel/framework/src/Illuminate/Pipeline/Pipeline.php(148): Illuminate\Foundation\Http\Middleware\CheckForMaintenanceMode->handle(Object(Illuminate\Http\Request), Object(Closure))
#69 /Users/timothyregulski/projects/laravel-dynamo-auth/vendor/laravel/framework/src/Illuminate/Routing/Pipeline.php(53): Illuminate\Pipeline\Pipeline->Illuminate\Pipeline\{closure}(Object(Illuminate\Http\Request))
#70 /Users/timothyregulski/projects/laravel-dynamo-auth/vendor/laravel/framework/src/Illuminate/Pipeline/Pipeline.php(102): Illuminate\Routing\Pipeline->Illuminate\Routing\{closure}(Object(Illuminate\Http\Request))
#71 /Users/timothyregulski/projects/laravel-dynamo-auth/vendor/laravel/framework/src/Illuminate/Foundation/Http/Kernel.php(149): Illuminate\Pipeline\Pipeline->then(Object(Closure))
#72 /Users/timothyregulski/projects/laravel-dynamo-auth/vendor/laravel/framework/src/Illuminate/Foundation/Http/Kernel.php(116): Illuminate\Foundation\Http\Kernel->sendRequestThroughRouter(Object(Illuminate\Http\Request))
#73 /Users/timothyregulski/projects/laravel-dynamo-auth/public/index.php(53): Illuminate\Foundation\Http\Kernel->handle(Object(Illuminate\Http\Request))
#74 /Users/timothyregulski/projects/laravel-dynamo-auth/server.php(21): require_once('/Users/timothyr...')
#75 {main}  
